2018-12-24 17:36:08,773 C:/Users/tanglei/PycharmProjects/MeetingUserConcurrency/MainProgram.py(87): ERROR aaa
2018-12-24 17:36:59,007 C:/Users/tanglei/PycharmProjects/MeetingUserConcurrency/MainProgram.py(87): ERROR aaa
2018-12-24 17:37:55,371 C:/Users/tanglei/PycharmProjects/MeetingUserConcurrency/MainProgram.py(87): ERROR aaa
2018-12-24 18:12:34,608 C:/Users/tanglei/PycharmProjects/MeetingUserConcurrency/MainProgram.py(101): INFO 数据库运行正常，程序正常工作2018-12-25 10:08:09,105 C:/Users/tanglei/PycharmProjects/MeetingUserConcurrency/MainProgram.py(101): INFO 数据库运行正常，程序正常工作
2018-12-25 10:28:51,618 MainProgram.py(101): INFO 数据库运行正常，程序正常工作
2018-12-25 10:30:38,451 MainProgram.py(101): INFO 数据库运行正常，程序正常工作
2018-12-25 10:50:48,325 C:/Users/tanglei/PycharmProjects/MeetingUserConcurrency/MainProgram.py(101): INFO 数据库运行正常，程序正常工作
2018-12-25 10:51:43,280 C:/Users/tanglei/PycharmProjects/MeetingUserConcurrency/MainProgram.py(101): INFO 数据库运行正常，程序正常工作
2018-12-25 10:54:46,653 C:/Users/tanglei/PycharmProjects/MeetingUserConcurrency/MainProgram.py(101): INFO 数据库运行正常，程序正常工作
2018-12-25 10:57:01,546 C:/Users/tanglei/PycharmProjects/MeetingUserConcurrency/MainProgram.py(101): INFO 数据库运行正常，程序正常工作
2018-12-25 10:58:30,086 C:/Users/tanglei/PycharmProjects/MeetingUserConcurrency/MainProgram.py(101): INFO 数据库运行正常，程序正常工作
2018-12-25 10:59:42,273 C:/Users/tanglei/PycharmProjects/MeetingUserConcurrency/MainProgram.py(101): INFO 数据库运行正常，程序正常工作
2018-12-25 11:00:44,898 C:/Users/tanglei/PycharmProjects/MeetingUserConcurrency/MainProgram.py(101): INFO 数据库运行正常，程序正常工作
2018-12-25 11:02:54,207 C:/Users/tanglei/PycharmProjects/MeetingUserConcurrency/MainProgram.py(101): INFO 数据库运行正常，程序正常工作
2018-12-25 11:03:33,644 C:/Users/tanglei/PycharmProjects/MeetingUserConcurrency/MainProgram.py(101): INFO 数据库运行正常，程序正常工作
2018-12-25 11:05:05,426 C:/Users/tanglei/PycharmProjects/MeetingUserConcurrency/MainProgram.py(101): INFO 数据库运行正常，程序正常工作
2018-12-25 11:05:59,403 C:/Users/tanglei/PycharmProjects/MeetingUserConcurrency/MainProgram.py(101): INFO 数据库运行正常，程序正常工作
2018-12-25 11:07:59,180 C:/Users/tanglei/PycharmProjects/MeetingUserConcurrency/MainProgram.py(101): INFO 数据库运行正常，程序正常工作
2018-12-25 11:37:31,221 MainProgram.py(101): INFO 数据库运行正常，程序正常工作
2018-12-25 12:13:40,154 MainProgram.py(101): INFO 数据库运行正常，程序正常工作
2018-12-25 12:14:45,161 MainProgram.py(101): INFO 数据库运行正常，程序正常工作
2018-12-26 09:40:53,737 MainProgram.py(98): ERROR InfluxDB数据库端口连接不上
2018-12-26 09:40:57,950 MainProgram.py(98): ERROR InfluxDB数据库端口连接不上
2018-12-26 09:41:02,223 MainProgram.py(98): ERROR InfluxDB数据库端口连接不上
2018-12-26 09:41:06,499 MainProgram.py(98): ERROR InfluxDB数据库端口连接不上
2018-12-26 09:41:10,835 MainProgram.py(98): ERROR InfluxDB数据库端口连接不上
2018-12-26 09:41:15,171 MainProgram.py(98): ERROR InfluxDB数据库端口连接不上
2018-12-26 09:41:19,384 MainProgram.py(98): ERROR InfluxDB数据库端口连接不上
2018-12-26 09:41:23,642 MainProgram.py(98): ERROR InfluxDB数据库端口连接不上
2018-12-26 09:41:27,855 MainProgram.py(98): ERROR InfluxDB数据库端口连接不上
2018-12-26 09:41:32,098 MainProgram.py(98): ERROR InfluxDB数据库端口连接不上
2018-12-26 09:41:36,404 MainProgram.py(98): ERROR InfluxDB数据库端口连接不上
2018-12-26 09:41:40,834 MainProgram.py(98): ERROR InfluxDB数据库端口连接不上
2018-12-26 09:41:45,155 MainProgram.py(98): ERROR InfluxDB数据库端口连接不上
2018-12-26 09:41:49,382 MainProgram.py(98): ERROR InfluxDB数据库端口连接不上
2018-12-26 09:41:53,611 MainProgram.py(98): ERROR InfluxDB数据库端口连接不上
2018-12-26 09:41:57,854 MainProgram.py(98): ERROR InfluxDB数据库端口连接不上
2018-12-26 09:42:02,174 MainProgram.py(98): ERROR InfluxDB数据库端口连接不上
2018-12-26 09:42:06,698 MainProgram.py(98): ERROR InfluxDB数据库端口连接不上
2018-12-26 09:42:11,066 MainProgram.py(98): ERROR InfluxDB数据库端口连接不上
2018-12-26 09:42:15,325 MainProgram.py(98): ERROR InfluxDB数据库端口连接不上
2018-12-26 09:42:19,569 MainProgram.py(98): ERROR InfluxDB数据库端口连接不上
2018-12-26 09:42:23,941 MainProgram.py(98): ERROR InfluxDB数据库端口连接不上
2018-12-26 09:42:28,420 MainProgram.py(98): ERROR InfluxDB数据库端口连接不上
2018-12-26 09:42:32,677 MainProgram.py(98): ERROR InfluxDB数据库端口连接不上
2018-12-26 09:42:36,983 MainProgram.py(98): ERROR InfluxDB数据库端口连接不上
2018-12-26 09:42:41,229 MainProgram.py(98): ERROR InfluxDB数据库端口连接不上
2018-12-26 09:42:45,612 MainProgram.py(98): ERROR InfluxDB数据库端口连接不上
2018-12-26 09:42:49,855 MainProgram.py(98): ERROR InfluxDB数据库端口连接不上
2018-12-26 09:42:54,084 MainProgram.py(98): ERROR InfluxDB数据库端口连接不上
2018-12-26 09:42:58,404 MainProgram.py(98): ERROR InfluxDB数据库端口连接不上
2018-12-26 09:43:02,773 MainProgram.py(98): ERROR InfluxDB数据库端口连接不上
2018-12-26 09:43:06,984 MainProgram.py(98): ERROR InfluxDB数据库端口连接不上
2018-12-26 09:43:11,197 MainProgram.py(98): ERROR InfluxDB数据库端口连接不上
2018-12-26 09:43:15,657 MainProgram.py(98): ERROR InfluxDB数据库端口连接不上
2018-12-26 09:43:19,885 MainProgram.py(98): ERROR InfluxDB数据库端口连接不上
2018-12-26 09:43:24,207 MainProgram.py(98): ERROR InfluxDB数据库端口连接不上
2018-12-26 09:43:28,543 MainProgram.py(98): ERROR InfluxDB数据库端口连接不上
2018-12-26 09:43:32,756 MainProgram.py(98): ERROR InfluxDB数据库端口连接不上
2018-12-26 09:43:37,141 MainProgram.py(98): ERROR InfluxDB数据库端口连接不上
2018-12-26 09:43:41,384 MainProgram.py(98): ERROR InfluxDB数据库端口连接不上
2018-12-26 09:43:46,548 MainProgram.py(98): ERROR InfluxDB数据库端口连接不上
2018-12-26 09:43:51,461 MainProgram.py(98): ERROR InfluxDB数据库端口连接不上
2018-12-26 09:43:56,890 MainProgram.py(98): ERROR InfluxDB数据库端口连接不上
2018-12-26 09:44:02,474 MainProgram.py(98): ERROR InfluxDB数据库端口连接不上
2018-12-26 09:44:07,888 MainProgram.py(98): ERROR InfluxDB数据库端口连接不上
2018-12-26 09:44:12,897 MainProgram.py(98): ERROR InfluxDB数据库端口连接不上
2018-12-26 09:44:17,811 MainProgram.py(98): ERROR InfluxDB数据库端口连接不上
2018-12-26 09:44:22,786 MainProgram.py(98): ERROR InfluxDB数据库端口连接不上
2018-12-26 09:44:27,967 MainProgram.py(98): ERROR InfluxDB数据库端口连接不上
2018-12-26 09:44:32,927 MainProgram.py(98): ERROR InfluxDB数据库端口连接不上
2018-12-26 09:44:38,029 MainProgram.py(98): ERROR InfluxDB数据库端口连接不上
2018-12-26 09:44:43,036 MainProgram.py(98): ERROR InfluxDB数据库端口连接不上
2018-12-26 09:44:48,184 MainProgram.py(98): ERROR InfluxDB数据库端口连接不上
2018-12-26 09:44:53,161 MainProgram.py(98): ERROR InfluxDB数据库端口连接不上
2018-12-26 09:44:58,121 MainProgram.py(98): ERROR InfluxDB数据库端口连接不上
2018-12-26 09:45:03,846 MainProgram.py(98): ERROR InfluxDB数据库端口连接不上
2018-12-26 09:45:09,665 MainProgram.py(98): ERROR InfluxDB数据库端口连接不上
2018-12-26 09:45:15,594 MainProgram.py(98): ERROR InfluxDB数据库端口连接不上
2018-12-26 09:45:21,506 MainProgram.py(98): ERROR InfluxDB数据库端口连接不上
2018-12-26 09:45:27,559 MainProgram.py(98): ERROR InfluxDB数据库端口连接不上
2018-12-26 09:45:33,440 MainProgram.py(98): ERROR InfluxDB数据库端口连接不上
2018-12-26 09:45:39,727 MainProgram.py(98): ERROR InfluxDB数据库端口连接不上
2018-12-26 09:45:45,625 MainProgram.py(98): ERROR InfluxDB数据库端口连接不上
2018-12-26 09:45:51,598 MainProgram.py(98): ERROR InfluxDB数据库端口连接不上
2018-12-26 09:45:57,714 MainProgram.py(98): ERROR InfluxDB数据库端口连接不上
2018-12-26 09:46:03,813 MainProgram.py(98): ERROR InfluxDB数据库端口连接不上
2018-12-26 09:46:09,757 MainProgram.py(98): ERROR InfluxDB数据库端口连接不上
2018-12-26 09:46:15,763 MainProgram.py(98): ERROR InfluxDB数据库端口连接不上
2018-12-26 09:46:21,772 MainProgram.py(98): ERROR InfluxDB数据库端口连接不上
2018-12-26 09:46:27,746 MainProgram.py(98): ERROR InfluxDB数据库端口连接不上
2018-12-26 09:46:33,767 MainProgram.py(98): ERROR InfluxDB数据库端口连接不上
2018-12-26 09:46:39,680 MainProgram.py(98): ERROR InfluxDB数据库端口连接不上
2018-12-26 09:46:45,765 MainProgram.py(98): ERROR InfluxDB数据库端口连接不上
2018-12-26 09:46:51,723 MainProgram.py(98): ERROR InfluxDB数据库端口连接不上
2018-12-26 09:46:57,792 MainProgram.py(98): ERROR InfluxDB数据库端口连接不上
2018-12-26 09:47:03,704 MainProgram.py(98): ERROR InfluxDB数据库端口连接不上
2018-12-26 09:47:09,742 MainProgram.py(98): ERROR InfluxDB数据库端口连接不上
2018-12-26 09:47:15,388 MainProgram.py(98): ERROR InfluxDB数据库端口连接不上
2018-12-26 09:47:21,161 MainProgram.py(98): ERROR InfluxDB数据库端口连接不上
2018-12-26 09:47:27,229 MainProgram.py(98): ERROR InfluxDB数据库端口连接不上
2018-12-26 09:47:33,016 MainProgram.py(98): ERROR InfluxDB数据库端口连接不上
2018-12-26 09:47:38,914 MainProgram.py(98): ERROR InfluxDB数据库端口连接不上
2018-12-26 09:47:44,421 MainProgram.py(98): ERROR InfluxDB数据库端口连接不上
2018-12-26 09:47:49,802 MainProgram.py(98): ERROR InfluxDB数据库端口连接不上
2018-12-26 09:47:55,263 MainProgram.py(98): ERROR InfluxDB数据库端口连接不上
2018-12-26 09:48:00,394 MainProgram.py(98): ERROR InfluxDB数据库端口连接不上
2018-12-26 09:48:05,605 MainProgram.py(98): ERROR InfluxDB数据库端口连接不上
2018-12-26 09:48:10,796 MainProgram.py(98): ERROR InfluxDB数据库端口连接不上
2018-12-26 09:48:15,974 MainProgram.py(98): ERROR InfluxDB数据库端口连接不上
2018-12-26 09:48:20,936 MainProgram.py(98): ERROR InfluxDB数据库端口连接不上
2018-12-26 09:48:25,974 MainProgram.py(98): ERROR InfluxDB数据库端口连接不上
2018-12-26 09:48:30,982 MainProgram.py(98): ERROR InfluxDB数据库端口连接不上
2018-12-26 09:48:36,427 MainProgram.py(98): ERROR InfluxDB数据库端口连接不上
2018-12-26 09:48:42,463 MainProgram.py(98): ERROR InfluxDB数据库端口连接不上
2018-12-26 09:48:47,581 MainProgram.py(98): ERROR InfluxDB数据库端口连接不上
2018-12-26 09:48:52,588 MainProgram.py(98): ERROR InfluxDB数据库端口连接不上
2018-12-26 09:48:57,487 MainProgram.py(98): ERROR InfluxDB数据库端口连接不上
2018-12-26 09:49:02,401 MainProgram.py(98): ERROR InfluxDB数据库端口连接不上
2018-12-26 09:49:07,299 MainProgram.py(98): ERROR InfluxDB数据库端口连接不上
2018-12-26 09:49:12,197 MainProgram.py(98): ERROR InfluxDB数据库端口连接不上
2018-12-26 09:49:17,283 MainProgram.py(98): ERROR InfluxDB数据库端口连接不上
2018-12-26 09:49:22,306 MainProgram.py(98): ERROR InfluxDB数据库端口连接不上
2018-12-26 09:49:27,315 MainProgram.py(98): ERROR InfluxDB数据库端口连接不上
2018-12-26 09:49:32,259 MainProgram.py(98): ERROR InfluxDB数据库端口连接不上
2018-12-26 09:49:37,315 MainProgram.py(98): ERROR InfluxDB数据库端口连接不上
2018-12-26 09:49:42,884 MainProgram.py(98): ERROR InfluxDB数据库端口连接不上
2018-12-26 09:49:48,378 MainProgram.py(98): ERROR InfluxDB数据库端口连接不上
2018-12-26 09:49:53,431 MainProgram.py(98): ERROR InfluxDB数据库端口连接不上
2018-12-26 09:49:58,392 MainProgram.py(98): ERROR InfluxDB数据库端口连接不上
2018-12-26 09:50:03,322 MainProgram.py(98): ERROR InfluxDB数据库端口连接不上
2018-12-26 09:50:08,377 MainProgram.py(98): ERROR InfluxDB数据库端口连接不上
2018-12-26 09:50:13,229 MainProgram.py(98): ERROR InfluxDB数据库端口连接不上
2018-12-26 09:50:18,111 MainProgram.py(98): ERROR InfluxDB数据库端口连接不上
2018-12-26 09:50:23,040 MainProgram.py(98): ERROR InfluxDB数据库端口连接不上
2018-12-26 09:50:27,970 MainProgram.py(98): ERROR InfluxDB数据库端口连接不上
2018-12-26 09:50:32,854 MainProgram.py(98): ERROR InfluxDB数据库端口连接不上
2018-12-26 09:50:37,752 MainProgram.py(98): ERROR InfluxDB数据库端口连接不上
2018-12-26 09:50:42,650 MainProgram.py(98): ERROR InfluxDB数据库端口连接不上
2018-12-26 09:50:47,565 MainProgram.py(98): ERROR InfluxDB数据库端口连接不上
2018-12-26 09:50:52,358 MainProgram.py(98): ERROR InfluxDB数据库端口连接不上
2018-12-26 09:50:57,411 MainProgram.py(98): ERROR InfluxDB数据库端口连接不上
2018-12-26 09:51:02,482 MainProgram.py(98): ERROR InfluxDB数据库端口连接不上
2018-12-26 09:51:07,380 MainProgram.py(98): ERROR InfluxDB数据库端口连接不上
2018-12-26 09:51:12,388 MainProgram.py(98): ERROR InfluxDB数据库端口连接不上
2018-12-26 09:51:17,223 MainProgram.py(98): ERROR InfluxDB数据库端口连接不上
2018-12-26 09:51:22,200 MainProgram.py(98): ERROR InfluxDB数据库端口连接不上
2018-12-26 09:51:27,223 MainProgram.py(98): ERROR InfluxDB数据库端口连接不上
2018-12-26 09:51:32,341 MainProgram.py(98): ERROR InfluxDB数据库端口连接不上
2018-12-26 09:51:37,301 MainProgram.py(98): ERROR InfluxDB数据库端口连接不上
2018-12-26 09:51:42,326 MainProgram.py(98): ERROR InfluxDB数据库端口连接不上
2018-12-26 09:51:47,273 MainProgram.py(98): ERROR InfluxDB数据库端口连接不上
2018-12-26 09:51:52,201 MainProgram.py(98): ERROR InfluxDB数据库端口连接不上
2018-12-26 09:51:57,210 MainProgram.py(98): ERROR InfluxDB数据库端口连接不上
2018-12-26 09:52:02,296 MainProgram.py(98): ERROR InfluxDB数据库端口连接不上
2018-12-26 09:52:07,224 MainProgram.py(98): ERROR InfluxDB数据库端口连接不上
2018-12-26 09:52:12,247 MainProgram.py(98): ERROR InfluxDB数据库端口连接不上
2018-12-26 09:52:17,209 MainProgram.py(98): ERROR InfluxDB数据库端口连接不上
2018-12-26 09:52:22,200 MainProgram.py(98): ERROR InfluxDB数据库端口连接不上
2018-12-26 09:52:27,193 MainProgram.py(98): ERROR InfluxDB数据库端口连接不上
2018-12-26 09:52:32,154 MainProgram.py(98): ERROR InfluxDB数据库端口连接不上
2018-12-26 09:52:37,270 MainProgram.py(98): ERROR InfluxDB数据库端口连接不上
2018-12-26 09:52:42,434 MainProgram.py(98): ERROR InfluxDB数据库端口连接不上
2018-12-26 09:52:49,609 MainProgram.py(98): ERROR InfluxDB数据库端口连接不上
2018-12-26 09:52:57,332 MainProgram.py(98): ERROR InfluxDB数据库端口连接不上
2018-12-26 09:53:04,164 MainProgram.py(98): ERROR InfluxDB数据库端口连接不上
2018-12-26 09:53:09,282 MainProgram.py(98): ERROR InfluxDB数据库端口连接不上
2018-12-26 09:53:14,243 MainProgram.py(98): ERROR InfluxDB数据库端口连接不上
2018-12-26 09:53:19,157 MainProgram.py(98): ERROR InfluxDB数据库端口连接不上
2018-12-26 09:53:24,086 MainProgram.py(98): ERROR InfluxDB数据库端口连接不上
2018-12-26 09:53:28,923 MainProgram.py(98): ERROR InfluxDB数据库端口连接不上
2018-12-26 09:53:33,882 MainProgram.py(98): ERROR InfluxDB数据库端口连接不上
2018-12-26 09:53:38,813 MainProgram.py(98): ERROR InfluxDB数据库端口连接不上
2018-12-26 09:53:43,822 MainProgram.py(98): ERROR InfluxDB数据库端口连接不上
2018-12-26 09:53:48,673 MainProgram.py(98): ERROR InfluxDB数据库端口连接不上
2018-12-26 09:53:53,572 MainProgram.py(98): ERROR InfluxDB数据库端口连接不上
2018-12-26 09:53:58,486 MainProgram.py(98): ERROR InfluxDB数据库端口连接不上
2018-12-26 09:54:03,275 MainProgram.py(98): ERROR InfluxDB数据库端口连接不上
2018-12-26 09:54:08,063 MainProgram.py(98): ERROR InfluxDB数据库端口连接不上
2018-12-26 09:54:12,838 MainProgram.py(98): ERROR InfluxDB数据库端口连接不上
2018-12-26 09:54:17,595 MainProgram.py(98): ERROR InfluxDB数据库端口连接不上
2018-12-26 09:54:22,431 MainProgram.py(98): ERROR InfluxDB数据库端口连接不上
2018-12-26 09:54:27,407 MainProgram.py(98): ERROR InfluxDB数据库端口连接不上
2018-12-26 09:54:32,322 MainProgram.py(98): ERROR InfluxDB数据库端口连接不上
2018-12-26 09:54:37,111 MainProgram.py(98): ERROR InfluxDB数据库端口连接不上
2018-12-26 09:54:41,993 MainProgram.py(98): ERROR InfluxDB数据库端口连接不上
2018-12-26 09:54:46,907 MainProgram.py(98): ERROR InfluxDB数据库端口连接不上
2018-12-26 09:54:51,852 MainProgram.py(98): ERROR InfluxDB数据库端口连接不上
2018-12-26 09:54:56,752 MainProgram.py(98): ERROR InfluxDB数据库端口连接不上
2018-12-26 09:55:01,697 MainProgram.py(98): ERROR InfluxDB数据库端口连接不上
2018-12-26 09:55:06,611 MainProgram.py(98): ERROR InfluxDB数据库端口连接不上
2018-12-26 09:55:11,430 MainProgram.py(98): ERROR InfluxDB数据库端口连接不上
2018-12-26 09:55:16,345 MainProgram.py(98): ERROR InfluxDB数据库端口连接不上
2018-12-26 09:55:21,243 MainProgram.py(98): ERROR InfluxDB数据库端口连接不上
2018-12-26 09:55:26,157 MainProgram.py(98): ERROR InfluxDB数据库端口连接不上
2018-12-26 09:55:30,977 MainProgram.py(98): ERROR InfluxDB数据库端口连接不上
2018-12-26 09:55:35,813 MainProgram.py(98): ERROR InfluxDB数据库端口连接不上
2018-12-26 09:55:40,650 MainProgram.py(98): ERROR InfluxDB数据库端口连接不上
2018-12-26 09:55:45,454 MainProgram.py(98): ERROR InfluxDB数据库端口连接不上
2018-12-26 09:55:50,229 MainProgram.py(98): ERROR InfluxDB数据库端口连接不上
2018-12-26 09:55:55,032 MainProgram.py(98): ERROR InfluxDB数据库端口连接不上
2018-12-26 09:55:59,776 MainProgram.py(98): ERROR InfluxDB数据库端口连接不上
2018-12-26 09:56:04,753 MainProgram.py(98): ERROR InfluxDB数据库端口连接不上
2018-12-26 09:56:09,808 MainProgram.py(98): ERROR InfluxDB数据库端口连接不上
2018-12-26 09:56:14,611 MainProgram.py(98): ERROR InfluxDB数据库端口连接不上
2018-12-26 09:56:19,417 MainProgram.py(98): ERROR InfluxDB数据库端口连接不上
2018-12-26 09:56:24,283 MainProgram.py(98): ERROR InfluxDB数据库端口连接不上
2018-12-26 09:56:29,197 MainProgram.py(98): ERROR InfluxDB数据库端口连接不上
2018-12-26 09:56:34,111 MainProgram.py(98): ERROR InfluxDB数据库端口连接不上
2018-12-26 09:56:39,010 MainProgram.py(98): ERROR InfluxDB数据库端口连接不上
2018-12-26 09:56:43,894 MainProgram.py(98): ERROR InfluxDB数据库端口连接不上
2018-12-26 09:56:48,808 MainProgram.py(98): ERROR InfluxDB数据库端口连接不上
2018-12-26 09:56:53,721 MainProgram.py(98): ERROR InfluxDB数据库端口连接不上
2018-12-26 09:56:58,605 MainProgram.py(98): ERROR InfluxDB数据库端口连接不上
2018-12-26 09:57:03,408 MainProgram.py(98): ERROR InfluxDB数据库端口连接不上
2018-12-26 09:57:08,292 MainProgram.py(98): ERROR InfluxDB数据库端口连接不上
2018-12-26 09:57:13,221 MainProgram.py(98): ERROR InfluxDB数据库端口连接不上
2018-12-26 09:57:17,994 MainProgram.py(98): ERROR InfluxDB数据库端口连接不上
2018-12-26 09:57:22,737 MainProgram.py(98): ERROR InfluxDB数据库端口连接不上
2018-12-26 09:57:27,526 MainProgram.py(98): ERROR InfluxDB数据库端口连接不上
2018-12-26 09:57:32,503 MainProgram.py(98): ERROR InfluxDB数据库端口连接不上
2018-12-26 09:57:37,276 MainProgram.py(98): ERROR InfluxDB数据库端口连接不上
2018-12-26 09:57:42,190 MainProgram.py(98): ERROR InfluxDB数据库端口连接不上
2018-12-26 09:57:47,183 MainProgram.py(98): ERROR InfluxDB数据库端口连接不上
2018-12-26 09:57:52,065 MainProgram.py(98): ERROR InfluxDB数据库端口连接不上
2018-12-26 09:57:56,855 MainProgram.py(98): ERROR InfluxDB数据库端口连接不上
2018-12-26 09:58:01,769 MainProgram.py(98): ERROR InfluxDB数据库端口连接不上
2018-12-26 09:58:06,635 MainProgram.py(98): ERROR InfluxDB数据库端口连接不上
2018-12-26 09:58:11,565 MainProgram.py(98): ERROR InfluxDB数据库端口连接不上
2018-12-26 09:58:16,494 MainProgram.py(98): ERROR InfluxDB数据库端口连接不上
2018-12-26 09:58:21,378 MainProgram.py(98): ERROR InfluxDB数据库端口连接不上
2018-12-26 09:58:26,260 MainProgram.py(98): ERROR InfluxDB数据库端口连接不上
2018-12-26 09:58:31,174 MainProgram.py(98): ERROR InfluxDB数据库端口连接不上
2018-12-26 09:58:36,042 MainProgram.py(98): ERROR InfluxDB数据库端口连接不上
2018-12-26 09:58:40,940 MainProgram.py(98): ERROR InfluxDB数据库端口连接不上
2018-12-26 09:58:45,808 MainProgram.py(98): ERROR InfluxDB数据库端口连接不上
2018-12-26 09:58:50,799 MainProgram.py(98): ERROR InfluxDB数据库端口连接不上
2018-12-26 09:58:55,697 MainProgram.py(98): ERROR InfluxDB数据库端口连接不上
2018-12-26 09:59:00,503 MainProgram.py(98): ERROR InfluxDB数据库端口连接不上
2018-12-26 09:59:05,338 MainProgram.py(98): ERROR InfluxDB数据库端口连接不上
2018-12-26 09:59:10,160 MainProgram.py(98): ERROR InfluxDB数据库端口连接不上
2018-12-26 09:59:14,963 MainProgram.py(98): ERROR InfluxDB数据库端口连接不上
2018-12-26 09:59:19,956 MainProgram.py(98): ERROR InfluxDB数据库端口连接不上
2018-12-26 09:59:24,746 MainProgram.py(98): ERROR InfluxDB数据库端口连接不上
2018-12-26 09:59:29,706 MainProgram.py(98): ERROR InfluxDB数据库端口连接不上
2018-12-26 09:59:34,605 MainProgram.py(98): ERROR InfluxDB数据库端口连接不上
2018-12-26 09:59:39,394 MainProgram.py(98): ERROR InfluxDB数据库端口连接不上
2018-12-26 09:59:44,234 MainProgram.py(98): ERROR InfluxDB数据库端口连接不上
2018-12-26 09:59:49,148 MainProgram.py(98): ERROR InfluxDB数据库端口连接不上
2018-12-26 09:59:54,046 MainProgram.py(98): ERROR InfluxDB数据库端口连接不上
2018-12-26 09:59:58,914 MainProgram.py(98): ERROR InfluxDB数据库端口连接不上
2018-12-26 10:00:03,875 MainProgram.py(98): ERROR InfluxDB数据库端口连接不上
2018-12-26 10:00:08,805 MainProgram.py(98): ERROR InfluxDB数据库端口连接不上
2018-12-26 10:00:13,657 MainProgram.py(98): ERROR InfluxDB数据库端口连接不上
2018-12-26 10:00:18,539 MainProgram.py(98): ERROR InfluxDB数据库端口连接不上
2018-12-26 10:00:23,546 MainProgram.py(98): ERROR InfluxDB数据库端口连接不上
2018-12-26 10:00:28,430 MainProgram.py(98): ERROR InfluxDB数据库端口连接不上
2018-12-26 10:00:33,296 MainProgram.py(98): ERROR InfluxDB数据库端口连接不上
2018-12-26 10:00:38,210 MainProgram.py(98): ERROR InfluxDB数据库端口连接不上
2018-12-26 10:00:43,233 MainProgram.py(98): ERROR InfluxDB数据库端口连接不上
2018-12-26 10:00:48,023 MainProgram.py(98): ERROR InfluxDB数据库端口连接不上
2018-12-26 10:00:52,782 MainProgram.py(98): ERROR InfluxDB数据库端口连接不上
2018-12-26 10:00:57,632 MainProgram.py(98): ERROR InfluxDB数据库端口连接不上
2018-12-26 10:01:02,375 MainProgram.py(98): ERROR InfluxDB数据库端口连接不上
2018-12-26 10:01:07,322 MainProgram.py(98): ERROR InfluxDB数据库端口连接不上
2018-12-26 10:01:12,252 MainProgram.py(98): ERROR InfluxDB数据库端口连接不上
2018-12-26 10:01:17,119 MainProgram.py(98): ERROR InfluxDB数据库端口连接不上
2018-12-26 10:01:21,892 MainProgram.py(98): ERROR InfluxDB数据库端口连接不上
2018-12-26 10:01:26,792 MainProgram.py(98): ERROR InfluxDB数据库端口连接不上
2018-12-26 10:01:31,658 MainProgram.py(98): ERROR InfluxDB数据库端口连接不上
2018-12-26 10:01:36,542 MainProgram.py(98): ERROR InfluxDB数据库端口连接不上
2018-12-26 10:01:41,440 MainProgram.py(98): ERROR InfluxDB数据库端口连接不上
2018-12-26 10:01:46,401 MainProgram.py(98): ERROR InfluxDB数据库端口连接不上
2018-12-26 10:01:51,283 MainProgram.py(98): ERROR InfluxDB数据库端口连接不上
2018-12-26 10:01:56,151 MainProgram.py(98): ERROR InfluxDB数据库端口连接不上
2018-12-26 10:02:01,095 MainProgram.py(98): ERROR InfluxDB数据库端口连接不上
2018-12-26 10:02:06,134 MainProgram.py(98): ERROR InfluxDB数据库端口连接不上
2018-12-26 10:02:10,940 MainProgram.py(98): ERROR InfluxDB数据库端口连接不上
2018-12-26 10:02:15,806 MainProgram.py(98): ERROR InfluxDB数据库端口连接不上
2018-12-26 10:02:20,565 MainProgram.py(98): ERROR InfluxDB数据库端口连接不上
2018-12-26 10:02:25,369 MainProgram.py(98): ERROR InfluxDB数据库端口连接不上
2018-12-26 10:02:30,111 MainProgram.py(98): ERROR InfluxDB数据库端口连接不上
2018-12-26 10:02:34,869 MainProgram.py(98): ERROR InfluxDB数据库端口连接不上
2018-12-26 10:02:39,690 MainProgram.py(98): ERROR InfluxDB数据库端口连接不上
2018-12-26 10:02:44,588 MainProgram.py(98): ERROR InfluxDB数据库端口连接不上
2018-12-26 10:02:49,642 MainProgram.py(98): ERROR InfluxDB数据库端口连接不上
2018-12-26 10:02:54,526 MainProgram.py(98): ERROR InfluxDB数据库端口连接不上
2018-12-26 10:02:59,392 MainProgram.py(98): ERROR InfluxDB数据库端口连接不上
2018-12-26 10:03:04,338 MainProgram.py(98): ERROR InfluxDB数据库端口连接不上
2018-12-26 10:03:09,517 MainProgram.py(98): ERROR InfluxDB数据库端口连接不上
2018-12-26 10:03:14,431 MainProgram.py(98): ERROR InfluxDB数据库端口连接不上
2018-12-26 10:03:19,361 MainProgram.py(98): ERROR InfluxDB数据库端口连接不上
2018-12-26 10:03:24,243 MainProgram.py(98): ERROR InfluxDB数据库端口连接不上
2018-12-26 10:03:29,313 MainProgram.py(98): ERROR InfluxDB数据库端口连接不上
2018-12-26 10:03:34,150 MainProgram.py(98): ERROR InfluxDB数据库端口连接不上
2018-12-26 10:03:39,173 MainProgram.py(98): ERROR InfluxDB数据库端口连接不上
2018-12-26 10:03:46,289 MainProgram.py(98): ERROR InfluxDB数据库端口连接不上
2018-12-26 10:03:55,809 MainProgram.py(98): ERROR InfluxDB数据库端口连接不上
2018-12-26 10:04:01,671 MainProgram.py(98): ERROR InfluxDB数据库端口连接不上
2018-12-26 10:04:17,691 MainProgram.py(98): ERROR InfluxDB数据库端口连接不上
2018-12-26 10:04:39,529 MainProgram.py(98): ERROR InfluxDB数据库端口连接不上
2018-12-26 10:04:53,369 MainProgram.py(98): ERROR InfluxDB数据库端口连接不上
2018-12-26 10:05:02,323 MainProgram.py(98): ERROR InfluxDB数据库端口连接不上
2018-12-26 10:05:24,072 MainProgram.py(98): ERROR InfluxDB数据库端口连接不上
2018-12-26 10:05:53,941 MainProgram.py(98): ERROR InfluxDB数据库端口连接不上
2018-12-26 10:06:10,078 MainProgram.py(98): ERROR InfluxDB数据库端口连接不上
2018-12-26 10:06:19,915 MainProgram.py(98): ERROR InfluxDB数据库端口连接不上
2018-12-26 10:06:30,733 MainProgram.py(98): ERROR InfluxDB数据库端口连接不上
2018-12-26 10:06:43,645 MainProgram.py(98): ERROR InfluxDB数据库端口连接不上
2018-12-26 10:07:01,065 MainProgram.py(98): ERROR InfluxDB数据库端口连接不上
2018-12-26 10:07:16,986 MainProgram.py(98): ERROR InfluxDB数据库端口连接不上
2018-12-26 10:07:35,559 MainProgram.py(98): ERROR InfluxDB数据库端口连接不上
2018-12-26 10:07:53,358 MainProgram.py(98): ERROR InfluxDB数据库端口连接不上
2018-12-26 10:08:13,885 MainProgram.py(98): ERROR InfluxDB数据库端口连接不上
2018-12-26 10:08:30,421 MainProgram.py(98): ERROR InfluxDB数据库端口连接不上
2018-12-26 10:08:47,957 MainProgram.py(98): ERROR InfluxDB数据库端口连接不上
2018-12-26 10:09:20,811 MainProgram.py(98): ERROR InfluxDB数据库端口连接不上
2018-12-26 10:09:40,332 MainProgram.py(98): ERROR InfluxDB数据库端口连接不上
2018-12-26 10:10:09,311 MainProgram.py(98): ERROR InfluxDB数据库端口连接不上
2018-12-26 10:10:36,265 MainProgram.py(98): ERROR InfluxDB数据库端口连接不上
2018-12-26 10:10:51,473 MainProgram.py(98): ERROR InfluxDB数据库端口连接不上
2018-12-26 10:11:06,430 MainProgram.py(98): ERROR InfluxDB数据库端口连接不上
2018-12-26 10:11:19,032 MainProgram.py(98): ERROR InfluxDB数据库端口连接不上
2018-12-26 10:11:31,030 MainProgram.py(98): ERROR InfluxDB数据库端口连接不上
2018-12-26 10:11:42,624 MainProgram.py(98): ERROR InfluxDB数据库端口连接不上
2018-12-26 10:11:56,065 MainProgram.py(98): ERROR InfluxDB数据库端口连接不上
2018-12-26 10:12:07,822 MainProgram.py(98): ERROR InfluxDB数据库端口连接不上
2018-12-26 10:12:20,247 MainProgram.py(98): ERROR InfluxDB数据库端口连接不上
2018-12-26 10:12:33,798 MainProgram.py(98): ERROR InfluxDB数据库端口连接不上
2018-12-26 10:12:47,285 MainProgram.py(98): ERROR InfluxDB数据库端口连接不上
2018-12-26 10:13:05,312 MainProgram.py(98): ERROR InfluxDB数据库端口连接不上
2018-12-26 10:14:08,618 MainProgram.py(98): ERROR InfluxDB数据库端口连接不上
2018-12-26 10:14:20,822 MainProgram.py(98): ERROR InfluxDB数据库端口连接不上
2018-12-26 10:14:51,239 MainProgram.py(98): ERROR InfluxDB数据库端口连接不上
2018-12-26 10:15:02,954 MainProgram.py(98): ERROR InfluxDB数据库端口连接不上
2018-12-26 10:15:13,529 MainProgram.py(98): ERROR InfluxDB数据库端口连接不上
2018-12-26 10:15:22,849 MainProgram.py(98): ERROR InfluxDB数据库端口连接不上
2018-12-26 10:15:32,562 MainProgram.py(98): ERROR InfluxDB数据库端口连接不上
2018-12-26 10:15:41,674 MainProgram.py(98): ERROR InfluxDB数据库端口连接不上
2018-12-26 10:15:51,986 MainProgram.py(98): ERROR InfluxDB数据库端口连接不上
2018-12-26 10:16:03,247 MainProgram.py(98): ERROR InfluxDB数据库端口连接不上
2018-12-26 10:16:12,246 MainProgram.py(98): ERROR InfluxDB数据库端口连接不上
2018-12-26 10:16:20,368 MainProgram.py(98): ERROR InfluxDB数据库端口连接不上
2018-12-26 10:16:28,769 MainProgram.py(98): ERROR InfluxDB数据库端口连接不上
2018-12-26 10:16:36,980 MainProgram.py(98): ERROR InfluxDB数据库端口连接不上
2018-12-26 10:16:47,397 MainProgram.py(98): ERROR InfluxDB数据库端口连接不上
2018-12-26 10:16:55,395 MainProgram.py(98): ERROR InfluxDB数据库端口连接不上
2018-12-26 10:17:04,096 MainProgram.py(98): ERROR InfluxDB数据库端口连接不上
2018-12-26 10:17:13,542 MainProgram.py(98): ERROR InfluxDB数据库端口连接不上
2018-12-26 10:17:22,081 MainProgram.py(98): ERROR InfluxDB数据库端口连接不上
2018-12-26 10:17:32,240 MainProgram.py(98): ERROR InfluxDB数据库端口连接不上
2018-12-26 10:17:43,252 MainProgram.py(98): ERROR InfluxDB数据库端口连接不上
2018-12-26 10:17:53,592 MainProgram.py(98): ERROR InfluxDB数据库端口连接不上
2018-12-26 10:18:04,131 MainProgram.py(98): ERROR InfluxDB数据库端口连接不上
2018-12-26 10:18:13,746 MainProgram.py(98): ERROR InfluxDB数据库端口连接不上
2018-12-26 10:18:22,818 MainProgram.py(98): ERROR InfluxDB数据库端口连接不上
2018-12-26 10:18:31,884 MainProgram.py(98): ERROR InfluxDB数据库端口连接不上
2018-12-26 10:18:43,187 MainProgram.py(98): ERROR InfluxDB数据库端口连接不上
2018-12-26 10:18:53,990 MainProgram.py(98): ERROR InfluxDB数据库端口连接不上
2018-12-26 10:19:04,260 MainProgram.py(98): ERROR InfluxDB数据库端口连接不上
2018-12-26 10:19:14,026 MainProgram.py(98): ERROR InfluxDB数据库端口连接不上
2018-12-26 10:19:24,426 MainProgram.py(98): ERROR InfluxDB数据库端口连接不上
2018-12-26 10:19:33,608 MainProgram.py(98): ERROR InfluxDB数据库端口连接不上
2018-12-26 10:19:43,334 MainProgram.py(98): ERROR InfluxDB数据库端口连接不上
2018-12-26 10:19:51,395 MainProgram.py(98): ERROR InfluxDB数据库端口连接不上
2018-12-26 10:19:58,966 MainProgram.py(98): ERROR InfluxDB数据库端口连接不上
2018-12-26 10:20:07,239 MainProgram.py(98): ERROR InfluxDB数据库端口连接不上
2018-12-26 10:20:14,888 MainProgram.py(98): ERROR InfluxDB数据库端口连接不上
2018-12-26 10:20:22,517 MainProgram.py(98): ERROR InfluxDB数据库端口连接不上
2018-12-26 10:20:30,088 MainProgram.py(98): ERROR InfluxDB数据库端口连接不上
2018-12-26 10:20:37,575 MainProgram.py(98): ERROR InfluxDB数据库端口连接不上
2018-12-26 10:20:45,128 MainProgram.py(98): ERROR InfluxDB数据库端口连接不上
2018-12-26 10:20:54,028 MainProgram.py(98): ERROR InfluxDB数据库端口连接不上
2018-12-26 10:21:01,887 MainProgram.py(98): ERROR InfluxDB数据库端口连接不上
2018-12-26 10:21:09,625 MainProgram.py(98): ERROR InfluxDB数据库端口连接不上
2018-12-26 10:21:17,190 MainProgram.py(98): ERROR InfluxDB数据库端口连接不上
2018-12-26 10:21:24,828 MainProgram.py(98): ERROR InfluxDB数据库端口连接不上
2018-12-26 10:21:32,372 MainProgram.py(98): ERROR InfluxDB数据库端口连接不上
2018-12-26 10:21:40,196 MainProgram.py(98): ERROR InfluxDB数据库端口连接不上
2018-12-26 10:21:49,023 MainProgram.py(98): ERROR InfluxDB数据库端口连接不上
2018-12-26 10:21:58,352 MainProgram.py(98): ERROR InfluxDB数据库端口连接不上
2018-12-26 10:22:07,367 MainProgram.py(98): ERROR InfluxDB数据库端口连接不上
2018-12-26 10:22:16,765 MainProgram.py(98): ERROR InfluxDB数据库端口连接不上
2018-12-26 10:22:25,302 MainProgram.py(98): ERROR InfluxDB数据库端口连接不上
2018-12-26 10:22:38,117 MainProgram.py(98): ERROR InfluxDB数据库端口连接不上
2018-12-26 10:22:48,375 MainProgram.py(98): ERROR InfluxDB数据库端口连接不上
2018-12-26 10:22:58,401 MainProgram.py(98): ERROR InfluxDB数据库端口连接不上
2018-12-26 10:23:08,085 MainProgram.py(98): ERROR InfluxDB数据库端口连接不上
2018-12-26 10:23:17,532 MainProgram.py(98): ERROR InfluxDB数据库端口连接不上
2018-12-26 10:23:26,762 MainProgram.py(98): ERROR InfluxDB数据库端口连接不上
2018-12-26 10:23:35,766 MainProgram.py(98): ERROR InfluxDB数据库端口连接不上
2018-12-26 10:23:44,786 MainProgram.py(98): ERROR InfluxDB数据库端口连接不上
2018-12-26 10:23:53,917 MainProgram.py(98): ERROR InfluxDB数据库端口连接不上
2018-12-26 10:24:04,559 MainProgram.py(98): ERROR InfluxDB数据库端口连接不上
2018-12-26 10:24:16,242 MainProgram.py(98): ERROR InfluxDB数据库端口连接不上
2018-12-26 10:24:25,539 MainProgram.py(98): ERROR InfluxDB数据库端口连接不上
2018-12-26 10:24:34,671 MainProgram.py(98): ERROR InfluxDB数据库端口连接不上
2018-12-26 10:24:44,651 MainProgram.py(98): ERROR InfluxDB数据库端口连接不上
2018-12-26 10:24:54,114 MainProgram.py(98): ERROR InfluxDB数据库端口连接不上
2018-12-26 10:25:04,591 MainProgram.py(98): ERROR InfluxDB数据库端口连接不上
2018-12-26 10:25:13,168 MainProgram.py(98): ERROR InfluxDB数据库端口连接不上
2018-12-26 10:25:22,078 MainProgram.py(98): ERROR InfluxDB数据库端口连接不上
2018-12-26 10:25:30,834 MainProgram.py(98): ERROR InfluxDB数据库端口连接不上
2018-12-26 10:25:39,602 MainProgram.py(98): ERROR InfluxDB数据库端口连接不上
2018-12-26 10:25:48,694 MainProgram.py(98): ERROR InfluxDB数据库端口连接不上
2018-12-26 10:25:56,789 MainProgram.py(98): ERROR InfluxDB数据库端口连接不上
2018-12-26 10:26:07,448 MainProgram.py(98): ERROR InfluxDB数据库端口连接不上
2018-12-26 10:26:17,039 MainProgram.py(98): ERROR InfluxDB数据库端口连接不上
2018-12-26 10:26:29,201 MainProgram.py(98): ERROR InfluxDB数据库端口连接不上
2018-12-26 10:26:38,641 MainProgram.py(98): ERROR InfluxDB数据库端口连接不上
2018-12-26 10:26:47,354 MainProgram.py(98): ERROR InfluxDB数据库端口连接不上
2018-12-26 10:27:13,062 MainProgram.py(98): ERROR InfluxDB数据库端口连接不上
2018-12-26 10:27:22,477 MainProgram.py(98): ERROR InfluxDB数据库端口连接不上
2018-12-26 10:27:31,377 MainProgram.py(98): ERROR InfluxDB数据库端口连接不上
2018-12-26 10:27:41,092 MainProgram.py(98): ERROR InfluxDB数据库端口连接不上
2018-12-26 10:27:50,940 MainProgram.py(98): ERROR InfluxDB数据库端口连接不上
2018-12-26 10:27:59,595 MainProgram.py(98): ERROR InfluxDB数据库端口连接不上
2018-12-26 10:28:08,134 MainProgram.py(98): ERROR InfluxDB数据库端口连接不上
2018-12-26 10:28:16,499 MainProgram.py(98): ERROR InfluxDB数据库端口连接不上
2018-12-26 10:28:25,381 MainProgram.py(98): ERROR InfluxDB数据库端口连接不上
2018-12-26 10:28:35,144 MainProgram.py(98): ERROR InfluxDB数据库端口连接不上
2018-12-26 10:28:43,831 MainProgram.py(98): ERROR InfluxDB数据库端口连接不上
2018-12-26 10:28:53,032 MainProgram.py(98): ERROR InfluxDB数据库端口连接不上
2018-12-26 10:29:03,661 MainProgram.py(98): ERROR InfluxDB数据库端口连接不上
2018-12-26 10:29:12,401 MainProgram.py(98): ERROR InfluxDB数据库端口连接不上
2018-12-26 10:29:21,239 MainProgram.py(98): ERROR InfluxDB数据库端口连接不上
2018-12-26 10:29:29,842 MainProgram.py(98): ERROR InfluxDB数据库端口连接不上
2018-12-26 10:29:38,516 MainProgram.py(98): ERROR InfluxDB数据库端口连接不上
2018-12-26 10:29:47,253 MainProgram.py(98): ERROR InfluxDB数据库端口连接不上
2018-12-26 10:29:55,503 MainProgram.py(98): ERROR InfluxDB数据库端口连接不上
2018-12-26 10:30:03,858 MainProgram.py(98): ERROR InfluxDB数据库端口连接不上
2018-12-26 10:30:12,305 MainProgram.py(98): ERROR InfluxDB数据库端口连接不上
2018-12-26 10:30:20,946 MainProgram.py(98): ERROR InfluxDB数据库端口连接不上
2018-12-26 10:30:30,028 MainProgram.py(98): ERROR InfluxDB数据库端口连接不上
2018-12-26 10:30:38,352 MainProgram.py(98): ERROR InfluxDB数据库端口连接不上
2018-12-26 10:30:46,737 MainProgram.py(98): ERROR InfluxDB数据库端口连接不上
2018-12-26 10:30:55,010 MainProgram.py(98): ERROR InfluxDB数据库端口连接不上
2018-12-26 10:31:03,466 MainProgram.py(98): ERROR InfluxDB数据库端口连接不上
2018-12-26 10:31:11,828 MainProgram.py(98): ERROR InfluxDB数据库端口连接不上
2018-12-26 10:31:20,076 MainProgram.py(98): ERROR InfluxDB数据库端口连接不上
2018-12-26 10:31:27,980 MainProgram.py(98): ERROR InfluxDB数据库端口连接不上
2018-12-26 10:31:36,280 MainProgram.py(98): ERROR InfluxDB数据库端口连接不上
2018-12-26 10:31:45,025 MainProgram.py(98): ERROR InfluxDB数据库端口连接不上
2018-12-26 10:31:53,980 MainProgram.py(98): ERROR InfluxDB数据库端口连接不上
2018-12-26 10:32:02,604 MainProgram.py(98): ERROR InfluxDB数据库端口连接不上
2018-12-26 10:32:10,697 MainProgram.py(98): ERROR InfluxDB数据库端口连接不上
2018-12-26 10:32:19,630 MainProgram.py(98): ERROR InfluxDB数据库端口连接不上
2018-12-26 10:32:28,148 MainProgram.py(98): ERROR InfluxDB数据库端口连接不上
2018-12-26 10:32:36,091 MainProgram.py(98): ERROR InfluxDB数据库端口连接不上
2018-12-26 10:32:44,710 MainProgram.py(98): ERROR InfluxDB数据库端口连接不上
2018-12-26 10:32:53,374 MainProgram.py(98): ERROR InfluxDB数据库端口连接不上
2018-12-26 10:33:02,375 MainProgram.py(98): ERROR InfluxDB数据库端口连接不上
2018-12-26 10:33:11,351 MainProgram.py(98): ERROR InfluxDB数据库端口连接不上
2018-12-26 10:33:20,618 MainProgram.py(98): ERROR InfluxDB数据库端口连接不上
2018-12-26 10:33:29,956 MainProgram.py(98): ERROR InfluxDB数据库端口连接不上
2018-12-26 10:33:38,000 MainProgram.py(98): ERROR InfluxDB数据库端口连接不上
2018-12-26 10:33:46,188 MainProgram.py(98): ERROR InfluxDB数据库端口连接不上
2018-12-26 10:33:55,053 MainProgram.py(98): ERROR InfluxDB数据库端口连接不上
2018-12-26 10:34:03,036 MainProgram.py(98): ERROR InfluxDB数据库端口连接不上
2018-12-26 10:34:11,388 MainProgram.py(98): ERROR InfluxDB数据库端口连接不上
2018-12-26 10:34:19,237 MainProgram.py(98): ERROR InfluxDB数据库端口连接不上
2018-12-26 10:34:28,155 MainProgram.py(98): ERROR InfluxDB数据库端口连接不上
2018-12-26 10:34:36,844 MainProgram.py(98): ERROR InfluxDB数据库端口连接不上
2018-12-26 10:34:44,924 MainProgram.py(98): ERROR InfluxDB数据库端口连接不上
2018-12-26 10:34:54,816 MainProgram.py(98): ERROR InfluxDB数据库端口连接不上
2018-12-26 10:35:05,924 MainProgram.py(98): ERROR InfluxDB数据库端口连接不上
2018-12-26 10:35:18,262 MainProgram.py(98): ERROR InfluxDB数据库端口连接不上
2018-12-26 10:35:27,815 MainProgram.py(98): ERROR InfluxDB数据库端口连接不上
2018-12-26 10:35:36,779 MainProgram.py(98): ERROR InfluxDB数据库端口连接不上
2018-12-26 10:35:45,095 MainProgram.py(98): ERROR InfluxDB数据库端口连接不上
2018-12-26 10:35:53,187 MainProgram.py(98): ERROR InfluxDB数据库端口连接不上
2018-12-26 10:36:01,135 MainProgram.py(98): ERROR InfluxDB数据库端口连接不上
2018-12-26 10:36:09,055 MainProgram.py(98): ERROR InfluxDB数据库端口连接不上
2018-12-26 10:36:18,786 MainProgram.py(98): ERROR InfluxDB数据库端口连接不上
2018-12-26 10:36:29,815 MainProgram.py(98): ERROR InfluxDB数据库端口连接不上
2018-12-26 10:36:40,194 MainProgram.py(98): ERROR InfluxDB数据库端口连接不上
2018-12-26 10:36:49,618 MainProgram.py(98): ERROR InfluxDB数据库端口连接不上
2018-12-26 10:36:57,328 MainProgram.py(98): ERROR InfluxDB数据库端口连接不上
2018-12-26 10:37:05,293 MainProgram.py(98): ERROR InfluxDB数据库端口连接不上
2018-12-26 10:37:13,723 MainProgram.py(98): ERROR InfluxDB数据库端口连接不上
2018-12-26 10:37:22,130 MainProgram.py(98): ERROR InfluxDB数据库端口连接不上
2018-12-26 10:37:32,730 MainProgram.py(98): ERROR InfluxDB数据库端口连接不上
2018-12-26 10:37:41,604 MainProgram.py(98): ERROR InfluxDB数据库端口连接不上
2018-12-26 10:37:50,395 MainProgram.py(98): ERROR InfluxDB数据库端口连接不上
2018-12-26 10:37:58,243 MainProgram.py(98): ERROR InfluxDB数据库端口连接不上
2018-12-26 10:38:06,236 MainProgram.py(98): ERROR InfluxDB数据库端口连接不上
2018-12-26 10:38:13,900 MainProgram.py(98): ERROR InfluxDB数据库端口连接不上
2018-12-26 10:38:20,984 MainProgram.py(98): ERROR InfluxDB数据库端口连接不上
2018-12-26 10:38:28,299 MainProgram.py(98): ERROR InfluxDB数据库端口连接不上
2018-12-26 10:38:35,596 MainProgram.py(98): ERROR InfluxDB数据库端口连接不上
2018-12-26 10:38:43,338 MainProgram.py(98): ERROR InfluxDB数据库端口连接不上
2018-12-26 10:38:51,957 MainProgram.py(98): ERROR InfluxDB数据库端口连接不上
2018-12-26 10:39:00,506 MainProgram.py(98): ERROR InfluxDB数据库端口连接不上
2018-12-26 10:39:08,890 MainProgram.py(98): ERROR InfluxDB数据库端口连接不上
2018-12-26 10:39:22,809 MainProgram.py(98): ERROR InfluxDB数据库端口连接不上
2018-12-26 10:39:33,707 MainProgram.py(98): ERROR InfluxDB数据库端口连接不上
2018-12-26 10:39:45,345 MainProgram.py(98): ERROR InfluxDB数据库端口连接不上
2018-12-26 10:40:12,530 MainProgram.py(98): ERROR InfluxDB数据库端口连接不上
2018-12-26 10:40:50,210 MainProgram.py(98): ERROR InfluxDB数据库端口连接不上
2018-12-26 10:40:57,441 MainProgram.py(98): ERROR InfluxDB数据库端口连接不上
2018-12-26 10:41:04,915 MainProgram.py(98): ERROR InfluxDB数据库端口连接不上
2018-12-26 10:41:12,783 MainProgram.py(98): ERROR InfluxDB数据库端口连接不上
2018-12-26 10:41:20,374 MainProgram.py(98): ERROR InfluxDB数据库端口连接不上
2018-12-26 10:41:28,391 MainProgram.py(98): ERROR InfluxDB数据库端口连接不上
2018-12-26 10:41:37,584 MainProgram.py(98): ERROR InfluxDB数据库端口连接不上
2018-12-26 10:41:45,459 MainProgram.py(98): ERROR InfluxDB数据库端口连接不上
2018-12-26 10:41:56,377 MainProgram.py(98): ERROR InfluxDB数据库端口连接不上
2018-12-26 10:42:04,124 MainProgram.py(98): ERROR InfluxDB数据库端口连接不上
2018-12-26 10:42:12,640 MainProgram.py(98): ERROR InfluxDB数据库端口连接不上
2018-12-26 10:42:20,980 MainProgram.py(98): ERROR InfluxDB数据库端口连接不上
2018-12-26 10:42:30,131 MainProgram.py(98): ERROR InfluxDB数据库端口连接不上
2018-12-26 10:42:39,359 MainProgram.py(98): ERROR InfluxDB数据库端口连接不上
2018-12-26 10:42:46,799 MainProgram.py(98): ERROR InfluxDB数据库端口连接不上
2018-12-26 10:42:54,381 MainProgram.py(98): ERROR InfluxDB数据库端口连接不上
2018-12-26 10:43:03,039 MainProgram.py(98): ERROR InfluxDB数据库端口连接不上
2018-12-26 10:43:11,365 MainProgram.py(98): ERROR InfluxDB数据库端口连接不上
2018-12-26 10:43:19,476 MainProgram.py(98): ERROR InfluxDB数据库端口连接不上
2018-12-26 10:43:28,200 MainProgram.py(98): ERROR InfluxDB数据库端口连接不上
2018-12-26 10:43:36,532 MainProgram.py(98): ERROR InfluxDB数据库端口连接不上
2018-12-26 10:43:46,173 MainProgram.py(98): ERROR InfluxDB数据库端口连接不上
2018-12-26 10:43:57,822 MainProgram.py(98): ERROR InfluxDB数据库端口连接不上
2018-12-26 10:44:11,020 MainProgram.py(98): ERROR InfluxDB数据库端口连接不上
2018-12-26 10:44:24,801 MainProgram.py(98): ERROR InfluxDB数据库端口连接不上
2018-12-26 10:44:37,971 MainProgram.py(98): ERROR InfluxDB数据库端口连接不上
2018-12-26 10:44:51,552 MainProgram.py(98): ERROR InfluxDB数据库端口连接不上
2018-12-26 10:45:15,265 MainProgram.py(98): ERROR InfluxDB数据库端口连接不上
2018-12-26 10:45:31,210 MainProgram.py(98): ERROR InfluxDB数据库端口连接不上
2018-12-26 10:45:44,986 MainProgram.py(98): ERROR InfluxDB数据库端口连接不上
2018-12-26 10:45:56,470 MainProgram.py(98): ERROR InfluxDB数据库端口连接不上
2018-12-26 10:46:11,516 MainProgram.py(98): ERROR InfluxDB数据库端口连接不上
2018-12-26 10:46:25,447 MainProgram.py(98): ERROR InfluxDB数据库端口连接不上
2018-12-26 10:46:39,546 MainProgram.py(98): ERROR InfluxDB数据库端口连接不上
2018-12-26 10:46:53,941 MainProgram.py(98): ERROR InfluxDB数据库端口连接不上
2018-12-26 10:47:09,042 MainProgram.py(98): ERROR InfluxDB数据库端口连接不上
2018-12-26 10:47:28,059 MainProgram.py(98): ERROR InfluxDB数据库端口连接不上
2018-12-26 10:47:51,263 MainProgram.py(98): ERROR InfluxDB数据库端口连接不上
2018-12-26 10:48:10,457 MainProgram.py(98): ERROR InfluxDB数据库端口连接不上
2018-12-26 10:48:24,144 MainProgram.py(98): ERROR InfluxDB数据库端口连接不上
2018-12-26 10:48:38,763 MainProgram.py(98): ERROR InfluxDB数据库端口连接不上
2018-12-26 10:48:53,756 MainProgram.py(98): ERROR InfluxDB数据库端口连接不上
2018-12-26 10:49:06,961 MainProgram.py(98): ERROR InfluxDB数据库端口连接不上
2018-12-26 10:49:18,365 MainProgram.py(98): ERROR InfluxDB数据库端口连接不上
2018-12-26 10:49:34,525 MainProgram.py(98): ERROR InfluxDB数据库端口连接不上
2018-12-26 10:49:53,141 MainProgram.py(98): ERROR InfluxDB数据库端口连接不上
2018-12-26 10:50:04,994 MainProgram.py(98): ERROR InfluxDB数据库端口连接不上
2018-12-26 10:50:17,973 MainProgram.py(98): ERROR InfluxDB数据库端口连接不上
2018-12-26 10:50:33,556 MainProgram.py(98): ERROR InfluxDB数据库端口连接不上
2018-12-26 10:50:49,072 MainProgram.py(98): ERROR InfluxDB数据库端口连接不上
2018-12-26 10:51:07,036 MainProgram.py(98): ERROR InfluxDB数据库端口连接不上
2018-12-26 10:51:27,055 MainProgram.py(98): ERROR InfluxDB数据库端口连接不上
2018-12-26 10:51:43,253 MainProgram.py(98): ERROR InfluxDB数据库端口连接不上
2018-12-26 10:52:03,259 MainProgram.py(98): ERROR InfluxDB数据库端口连接不上
2018-12-26 10:52:17,555 MainProgram.py(98): ERROR InfluxDB数据库端口连接不上
2018-12-26 10:52:28,875 MainProgram.py(98): ERROR InfluxDB数据库端口连接不上
2018-12-26 10:52:39,818 MainProgram.py(98): ERROR InfluxDB数据库端口连接不上
2018-12-26 10:52:53,391 MainProgram.py(98): ERROR InfluxDB数据库端口连接不上
2018-12-26 10:53:04,217 MainProgram.py(98): ERROR InfluxDB数据库端口连接不上
2018-12-26 10:53:15,736 MainProgram.py(98): ERROR InfluxDB数据库端口连接不上
2018-12-26 10:53:27,388 MainProgram.py(98): ERROR InfluxDB数据库端口连接不上
2018-12-26 10:53:39,016 MainProgram.py(98): ERROR InfluxDB数据库端口连接不上
2018-12-26 10:53:52,033 MainProgram.py(98): ERROR InfluxDB数据库端口连接不上
2018-12-26 10:54:01,585 MainProgram.py(98): ERROR InfluxDB数据库端口连接不上
2018-12-26 10:54:10,816 MainProgram.py(98): ERROR InfluxDB数据库端口连接不上
2018-12-26 10:54:20,470 MainProgram.py(98): ERROR InfluxDB数据库端口连接不上
2018-12-26 10:54:29,943 MainProgram.py(98): ERROR InfluxDB数据库端口连接不上
2018-12-26 10:54:39,332 MainProgram.py(98): ERROR InfluxDB数据库端口连接不上
2018-12-26 10:54:48,848 MainProgram.py(98): ERROR InfluxDB数据库端口连接不上
2018-12-26 10:54:57,951 MainProgram.py(98): ERROR InfluxDB数据库端口连接不上
2018-12-26 10:55:07,361 MainProgram.py(98): ERROR InfluxDB数据库端口连接不上
2018-12-26 10:55:17,051 MainProgram.py(98): ERROR InfluxDB数据库端口连接不上
2018-12-26 10:55:26,348 MainProgram.py(98): ERROR InfluxDB数据库端口连接不上
2018-12-26 10:55:35,530 MainProgram.py(98): ERROR InfluxDB数据库端口连接不上
2018-12-26 10:55:44,565 MainProgram.py(98): ERROR InfluxDB数据库端口连接不上
2018-12-26 10:55:56,032 MainProgram.py(98): ERROR InfluxDB数据库端口连接不上
2018-12-26 10:56:05,632 MainProgram.py(98): ERROR InfluxDB数据库端口连接不上
2018-12-26 10:56:14,805 MainProgram.py(98): ERROR InfluxDB数据库端口连接不上
2018-12-26 10:56:24,476 MainProgram.py(98): ERROR InfluxDB数据库端口连接不上
2018-12-26 10:56:34,013 MainProgram.py(98): ERROR InfluxDB数据库端口连接不上
2018-12-26 10:56:43,260 MainProgram.py(98): ERROR InfluxDB数据库端口连接不上
2018-12-26 10:56:52,826 MainProgram.py(98): ERROR InfluxDB数据库端口连接不上
2018-12-26 10:57:02,084 MainProgram.py(98): ERROR InfluxDB数据库端口连接不上
2018-12-26 10:57:11,361 MainProgram.py(98): ERROR InfluxDB数据库端口连接不上
2018-12-26 10:57:20,790 MainProgram.py(98): ERROR InfluxDB数据库端口连接不上
2018-12-26 10:57:30,434 MainProgram.py(98): ERROR InfluxDB数据库端口连接不上
2018-12-26 10:57:40,410 MainProgram.py(98): ERROR InfluxDB数据库端口连接不上
2018-12-26 10:57:49,862 MainProgram.py(98): ERROR InfluxDB数据库端口连接不上
2018-12-26 10:57:59,289 MainProgram.py(98): ERROR InfluxDB数据库端口连接不上
2018-12-26 10:58:08,631 MainProgram.py(98): ERROR InfluxDB数据库端口连接不上
2018-12-26 10:58:18,082 MainProgram.py(98): ERROR InfluxDB数据库端口连接不上
2018-12-26 10:58:27,558 MainProgram.py(98): ERROR InfluxDB数据库端口连接不上
2018-12-26 10:58:37,838 MainProgram.py(98): ERROR InfluxDB数据库端口连接不上
2018-12-26 10:58:47,371 MainProgram.py(98): ERROR InfluxDB数据库端口连接不上
2018-12-26 10:58:56,878 MainProgram.py(98): ERROR InfluxDB数据库端口连接不上
2018-12-26 10:59:06,591 MainProgram.py(98): ERROR InfluxDB数据库端口连接不上
2018-12-26 10:59:16,108 MainProgram.py(98): ERROR InfluxDB数据库端口连接不上
2018-12-26 10:59:25,732 MainProgram.py(98): ERROR InfluxDB数据库端口连接不上
2018-12-26 10:59:35,585 MainProgram.py(98): ERROR InfluxDB数据库端口连接不上
2018-12-26 10:59:46,584 MainProgram.py(98): ERROR InfluxDB数据库端口连接不上
2018-12-26 10:59:55,808 MainProgram.py(98): ERROR InfluxDB数据库端口连接不上
2018-12-26 11:00:04,948 MainProgram.py(98): ERROR InfluxDB数据库端口连接不上
2018-12-26 11:00:14,329 MainProgram.py(98): ERROR InfluxDB数据库端口连接不上
2018-12-26 11:00:23,938 MainProgram.py(98): ERROR InfluxDB数据库端口连接不上
2018-12-26 11:00:47,647 MainProgram.py(98): ERROR InfluxDB数据库端口连接不上
2018-12-26 11:01:07,257 MainProgram.py(98): ERROR InfluxDB数据库端口连接不上
2018-12-26 11:01:17,586 MainProgram.py(98): ERROR InfluxDB数据库端口连接不上
2018-12-26 11:01:27,144 MainProgram.py(98): ERROR InfluxDB数据库端口连接不上
2018-12-26 11:01:37,121 MainProgram.py(98): ERROR InfluxDB数据库端口连接不上
2018-12-26 11:01:47,698 MainProgram.py(98): ERROR InfluxDB数据库端口连接不上
2018-12-26 11:01:57,232 MainProgram.py(98): ERROR InfluxDB数据库端口连接不上
2018-12-26 11:02:06,450 MainProgram.py(98): ERROR InfluxDB数据库端口连接不上
2018-12-26 11:02:15,953 MainProgram.py(98): ERROR InfluxDB数据库端口连接不上
2018-12-26 11:02:25,657 MainProgram.py(98): ERROR InfluxDB数据库端口连接不上
2018-12-26 11:02:36,809 MainProgram.py(98): ERROR InfluxDB数据库端口连接不上
2018-12-26 11:02:50,039 MainProgram.py(98): ERROR InfluxDB数据库端口连接不上
2018-12-26 11:03:01,371 MainProgram.py(98): ERROR InfluxDB数据库端口连接不上
2018-12-26 11:03:11,470 MainProgram.py(98): ERROR InfluxDB数据库端口连接不上
2018-12-26 11:03:24,493 MainProgram.py(98): ERROR InfluxDB数据库端口连接不上
2018-12-26 11:03:37,732 MainProgram.py(98): ERROR InfluxDB数据库端口连接不上
2018-12-26 11:03:52,405 MainProgram.py(98): ERROR InfluxDB数据库端口连接不上
2018-12-26 11:04:06,516 MainProgram.py(98): ERROR InfluxDB数据库端口连接不上
2018-12-26 11:04:20,328 MainProgram.py(98): ERROR InfluxDB数据库端口连接不上
2018-12-26 11:04:33,407 MainProgram.py(98): ERROR InfluxDB数据库端口连接不上
2018-12-26 11:04:44,696 MainProgram.py(98): ERROR InfluxDB数据库端口连接不上
2018-12-26 11:04:54,428 MainProgram.py(98): ERROR InfluxDB数据库端口连接不上
2018-12-26 11:05:04,138 MainProgram.py(98): ERROR InfluxDB数据库端口连接不上
2018-12-26 11:05:13,734 MainProgram.py(98): ERROR InfluxDB数据库端口连接不上
2018-12-26 11:05:23,582 MainProgram.py(98): ERROR InfluxDB数据库端口连接不上
2018-12-26 11:05:33,690 MainProgram.py(98): ERROR InfluxDB数据库端口连接不上
2018-12-26 11:05:43,150 MainProgram.py(98): ERROR InfluxDB数据库端口连接不上
2018-12-26 11:05:52,684 MainProgram.py(98): ERROR InfluxDB数据库端口连接不上
2018-12-26 11:06:02,045 MainProgram.py(98): ERROR InfluxDB数据库端口连接不上
2018-12-26 11:06:11,453 MainProgram.py(98): ERROR InfluxDB数据库端口连接不上
2018-12-26 11:06:20,983 MainProgram.py(98): ERROR InfluxDB数据库端口连接不上
2018-12-26 11:06:30,529 MainProgram.py(98): ERROR InfluxDB数据库端口连接不上
2018-12-26 11:06:40,789 MainProgram.py(98): ERROR InfluxDB数据库端口连接不上
2018-12-26 11:06:51,046 MainProgram.py(98): ERROR InfluxDB数据库端口连接不上
2018-12-26 11:07:02,696 MainProgram.py(98): ERROR InfluxDB数据库端口连接不上
2018-12-26 11:07:13,375 MainProgram.py(98): ERROR InfluxDB数据库端口连接不上
2018-12-26 11:07:23,551 MainProgram.py(98): ERROR InfluxDB数据库端口连接不上
2018-12-26 11:07:43,032 MainProgram.py(98): ERROR InfluxDB数据库端口连接不上
2018-12-26 11:07:54,293 MainProgram.py(98): ERROR InfluxDB数据库端口连接不上
2018-12-26 11:08:04,267 MainProgram.py(98): ERROR InfluxDB数据库端口连接不上
